Determining if the pthread_create exist failed with the following output:
Change Dir: /home/cc/cs184/sp19/class/cs184-ahw/pacman/build/CMakeFiles/CMakeTmp

Run Build Command:"/usr/bin/make" "cmTC_78c7d/fast"
/usr/bin/make -f CMakeFiles/cmTC_78c7d.dir/build.make CMakeFiles/cmTC_78c7d.dir/build
make[1]: Entering directory '/home/cc/cs184/sp19/class/cs184-ahw/pacman/build/CMakeFiles/CMakeTmp'
Building C object CMakeFiles/cmTC_78c7d.dir/CheckSymbolExists.c.o
/usr/bin/cc     -o CMakeFiles/cmTC_78c7d.dir/CheckSymbolExists.c.o   -c /home/cc/cs184/sp19/class/cs184-ahw/pacman/build/CMakeFiles/CMakeTmp/CheckSymbolExists.c
Linking C executable cmTC_78c7d
/usr/bin/cmake -E cmake_link_script CMakeFiles/cmTC_78c7d.dir/link.txt --verbose=1
/usr/bin/cc       CMakeFiles/cmTC_78c7d.dir/CheckSymbolExists.c.o  -o cmTC_78c7d -rdynamic 
CMakeFiles/cmTC_78c7d.dir/CheckSymbolExists.c.o: In function `main':
CheckSymbolExists.c:(.text+0x16): undefined reference to `pthread_create'
collect2: error: ld returned 1 exit status
CMakeFiles/cmTC_78c7d.dir/build.make:97: recipe for target 'cmTC_78c7d' failed
make[1]: *** [cmTC_78c7d] Error 1
make[1]: Leaving directory '/home/cc/cs184/sp19/class/cs184-ahw/pacman/build/CMakeFiles/CMakeTmp'
Makefile:126: recipe for target 'cmTC_78c7d/fast' failed
make: *** [cmTC_78c7d/fast] Error 2

File /home/cc/cs184/sp19/class/cs184-ahw/pacman/build/CMakeFiles/CMakeTmp/CheckSymbolExists.c:
/* */
#include <pthread.h>

int main(int argc, char** argv)
{
  (void)argv;
#ifndef pthread_create
  return ((int*)(&pthread_create))[argc];
#else
  (void)argc;
  return 0;
#endif
}

Determining if the function pthread_create exists in the pthreads failed with the following output:
Change Dir: /home/cc/cs184/sp19/class/cs184-ahw/pacman/build/CMakeFiles/CMakeTmp

Run Build Command:"/usr/bin/make" "cmTC_4de7a/fast"
/usr/bin/make -f CMakeFiles/cmTC_4de7a.dir/build.make CMakeFiles/cmTC_4de7a.dir/build
make[1]: Entering directory '/home/cc/cs184/sp19/class/cs184-ahw/pacman/build/CMakeFiles/CMakeTmp'
Building C object CMakeFiles/cmTC_4de7a.dir/CheckFunctionExists.c.o
/usr/bin/cc    -DCHECK_FUNCTION_EXISTS=pthread_create   -o CMakeFiles/cmTC_4de7a.dir/CheckFunctionExists.c.o   -c /usr/share/cmake-3.5/Modules/CheckFunctionExists.c
Linking C executable cmTC_4de7a
/usr/bin/cmake -E cmake_link_script CMakeFiles/cmTC_4de7a.dir/link.txt --verbose=1
/usr/bin/cc   -DCHECK_FUNCTION_EXISTS=pthread_create    CMakeFiles/cmTC_4de7a.dir/CheckFunctionExists.c.o  -o cmTC_4de7a -rdynamic -lpthreads 
/usr/bin/ld: cannot find -lpthreads
collect2: error: ld returned 1 exit status
CMakeFiles/cmTC_4de7a.dir/build.make:97: recipe for target 'cmTC_4de7a' failed
make[1]: *** [cmTC_4de7a] Error 1
make[1]: Leaving directory '/home/cc/cs184/sp19/class/cs184-ahw/pacman/build/CMakeFiles/CMakeTmp'
Makefile:126: recipe for target 'cmTC_4de7a/fast' failed
make: *** [cmTC_4de7a/fast] Error 2


Determining if the function glXGetProcAddressEXT exists failed with the following output:
Change Dir: /home/cc/cs184/sp19/class/cs184-ahw/pacman/build/CMakeFiles/CMakeTmp

Run Build Command:"/usr/bin/make" "cmTC_b07f1/fast"
/usr/bin/make -f CMakeFiles/cmTC_b07f1.dir/build.make CMakeFiles/cmTC_b07f1.dir/build
make[1]: Entering directory '/home/cc/cs184/sp19/class/cs184-ahw/pacman/build/CMakeFiles/CMakeTmp'
Building C object CMakeFiles/cmTC_b07f1.dir/CheckFunctionExists.c.o
/usr/bin/cc    -DCHECK_FUNCTION_EXISTS=glXGetProcAddressEXT   -o CMakeFiles/cmTC_b07f1.dir/CheckFunctionExists.c.o   -c /usr/share/cmake-3.5/Modules/CheckFunctionExists.c
Linking C executable cmTC_b07f1
/usr/bin/cmake -E cmake_link_script CMakeFiles/cmTC_b07f1.dir/link.txt --verbose=1
/usr/bin/cc   -DCHECK_FUNCTION_EXISTS=glXGetProcAddressEXT    CMakeFiles/cmTC_b07f1.dir/CheckFunctionExists.c.o  -o cmTC_b07f1 -rdynamic /usr/lib/x86_64-linux-gnu/libGL.so 
CMakeFiles/cmTC_b07f1.dir/CheckFunctionExists.c.o: In function `main':
CheckFunctionExists.c:(.text+0x15): undefined reference to `glXGetProcAddressEXT'
collect2: error: ld returned 1 exit status
CMakeFiles/cmTC_b07f1.dir/build.make:98: recipe for target 'cmTC_b07f1' failed
make[1]: *** [cmTC_b07f1] Error 1
make[1]: Leaving directory '/home/cc/cs184/sp19/class/cs184-ahw/pacman/build/CMakeFiles/CMakeTmp'
Makefile:126: recipe for target 'cmTC_b07f1/fast' failed
make: *** [cmTC_b07f1/fast] Error 2


